Plasma desktop session. Using DP1-1 and DP1-2 for monitor reference. Sun 23 Feb 2020 04:52:18 AM EST
Plasma desktop session. Using DP1-1 and DP1-2 for monitor reference. Sun 23 Feb 2020 05:40:12 AM EST
Plasma desktop session. Using DP1-1 and DP1-2 for monitor reference. Sun 23 Feb 2020 05:41:54 AM EST
Plasma desktop session. Using DP1-1 and DP1-2 for monitor reference. Fri 28 Feb 2020 04:12:09 PM EST
Plasma desktop session. Using DP1-1 and DP1-2 for monitor reference. Sat 29 Feb 2020 06:33:12 PM EST
Plasma desktop session. Using DP1-1 and DP1-2 for monitor reference. Mon 02 Mar 2020 09:16:39 AM EST
Plasma desktop session. Using DP1-1 and DP1-2 for monitor reference. Fri 06 Mar 2020 01:18:27 PM EST
Plasma desktop session. Using DP1-1 and DP1-2 for monitor reference. Fri 06 Mar 2020 01:21:27 PM EST
Plasma desktop session. Using DP1-1 and DP1-2 for monitor reference. Fri 06 Mar 2020 11:37:33 PM EST
Plasma desktop session. Using DP1-1 and DP1-2 for monitor reference. Wed 11 Mar 2020 11:55:07 PM EDT
Plasma desktop session. Using DP1-1 and DP1-2 for monitor reference. Thu 12 Mar 2020 07:55:48 AM EDT
Plasma desktop session. Using DP1-1 and DP1-2 for monitor reference. Sun 15 Mar 2020 08:31:56 PM EDT
Plasma desktop session. Using DP1-1 and DP1-2 for monitor reference. Fri 20 Mar 2020 07:18:04 PM EDT
Plasma desktop session. Using DP1-1 and DP1-2 for monitor reference. Fri 20 Mar 2020 07:18:30 PM EDT
Plasma desktop session. Using DP1-1 and DP1-2 for monitor reference. Fri 20 Mar 2020 07:19:24 PM EDT
Plasma desktop session. Using DP1-1 and DP1-2 for monitor reference. Sat 28 Mar 2020 06:26:56 PM EDT
Plasma desktop session. Using DP1-1 and DP1-2 for monitor reference. Wed 01 Apr 2020 12:09:51 PM EDT
Plasma desktop session. Using DP1-1 and DP1-2 for monitor reference. Wed 08 Apr 2020 05:23:11 PM EDT
Plasma desktop session. Using DP1-1 and DP1-2 for monitor reference. Fri 08 May 2020 12:12:12 PM EDT
unknown session, no resolution configured. Fri 08 May 2020 03:27:01 PM EDT
